2020-11-12 11:45:01:451 info: GET / 200 325.396 ms - 170
2020-11-12 11:45:47:4547 info: GET / 200 213.963 ms - 170
2020-11-12 11:46:06:466 info: GET / 200 246.877 ms - 170
2020-11-12 11:48:57:4857 info: GET / 200 226.431 ms - 170
2020-11-12 11:49:36:4936 info: GET / 200 13.101 ms - 170
2020-11-12 11:49:50:4950 info: GET /api 200 1.087 ms - 72
2020-11-12 11:50:44:5044 info: GET /api 200 4.983 ms - 72
2020-11-12 11:50:47:5047 info: GET /api 200 0.601 ms - 72
2020-11-12 11:51:02:512 info: GET / 200 4.663 ms - 7
2020-11-12 11:51:12:5112 info: GET / 200 258.411 ms - 170
2020-11-12 11:52:35:5235 info: POST /auth/devicecontrol 200 23.073 ms - 38
2020-11-12 11:56:24:5624 info: POST /auth/devicecontrol 200 27.682 ms - 34
2020-11-12 11:56:47:5647 info: POST /auth/devicecontrol 200 0.635 ms - 38
2020-11-12 11:57:44:5744 info: POST /auth/devicecontrol 200 1.837 ms - 34
2020-11-12 12:20:19:2019 info: Utest isimli kullanıcının bilgileri yanlış girildi
2020-11-12 12:20:19:2019 info: POST /auth/login 404 32.066 ms - 49
2020-11-12 12:20:35:2035 info: undefined isimli kullanıcının bilgileri yanlış girildi
2020-11-12 12:20:35:2035 info: POST /auth/login 404 2.207 ms - 49
2020-11-12 12:21:55:2155 error: a
2020-11-12 12:22:11:2211 info: Utest isimli kullanıcının bilgileri yanlış girildi
2020-11-12 12:22:11:2211 info: POST /auth/login 404 30.828 ms - 49
2020-11-12 13:36:35:3635 info: Utest isimli kullanıcının bilgileri yanlış girildi
2020-11-12 13:36:35:3635 info: POST /auth/login 404 31.514 ms - 49
2020-11-12 13:56:59:5659 info: POST /api 200 18.913 ms - 72
2020-11-12 13:57:08:578 info: POST /api/onlineusercount 200 0.603 ms - 72
2020-11-12 13:58:05:585 info: POST /api/onlineusercount 404 277.497 ms - 2268
2020-11-12 14:09:16:916 info: GET /api/onlineusercount 200 22.213 ms - 72
2020-11-12 14:13:11:1311 info: POST /addRace 404 254.120 ms - 2268
2020-11-12 14:14:10:1410 info: POST /admin/race/addRace - - ms - -
2020-11-12 14:15:06:156 info: POST /admin/race/addRace - - ms - -
2020-11-12 14:15:51:1551 info: POST /admin/race/addRace - - ms - -
2020-11-12 14:16:06:166 info: POST /admin/race/addRace - - ms - -
2020-11-12 14:16:17:1617 info: POST /admin/race/addRace - - ms - -
2020-11-12 14:16:33:1633 info: POST /race/addRace - - ms - -
2020-11-12 14:17:27:1727 info: POST /admin/race/addRace - - ms - -
2020-11-12 14:17:53:1753 info: POST /admin/race/addRace - - ms - -
2020-11-12 14:18:13:1813 info: POST /admin/race/addRace - - ms - -
2020-11-12 14:19:01:191 info: POST /admin/race/addRace - - ms - -
2020-11-12 14:19:33:1933 info: POST /race/addRace - - ms - -
2020-11-12 14:19:59:1959 info: POST /race/addRace 404 273.556 ms - 2268
2020-11-12 14:20:11:2011 info: POST /admin/race/addRace 200 8.721 ms - 11
2020-11-12 14:20:16:2016 info: POST /admin/race/addRace 200 1.629 ms - 11
2020-11-12 14:20:19:2019 info: POST /admin/race/addRace 200 1.876 ms - 11
2020-11-12 14:20:23:2023 info: POST /admin/race/addRace 200 2.370 ms - 11
2020-11-12 15:07:58:758 info: POST /auth/register - - ms - -
2020-11-12 15:08:30:830 error: E11000 duplicate key error collection: bilgiYarismasi.User index: user_name_1 dup key: { user_name: "Utest" }
2020-11-12 15:08:31:831 info: POST /auth/register 200 34.001 ms - 120
2020-11-12 15:09:34:934 info: POST /auth/register 200 76.245 ms - 290
2020-11-12 15:10:00:100 info: POST /auth/devicecontrol 200 3.648 ms - 34
2020-11-12 15:11:18:1118 info: POST /auth/devicecontrol 200 24.095 ms - 34
2020-11-12 15:11:26:1126 info: POST /auth/register 200 86.995 ms - 287
2020-11-12 15:11:31:1131 info: POST /auth/devicecontrol 200 2.302 ms - 34
2020-11-12 15:11:32:1132 info: POST /auth/devicecontrol 200 2.336 ms - 34
2020-11-12 15:12:06:126 info: Utest isimli kullanıcının bilgileri yanlış girildi
2020-11-12 15:12:06:126 info: POST /auth/login 404 8.306 ms - 49
2020-11-12 15:12:22:1222 info: POST /auth/login 200 11.719 ms - 250
2020-11-12 15:12:30:1230 info: POST /auth/login 200 9.142 ms - 252
2020-11-12 15:14:27:1427 info: POST /auth/devicecontrol 200 24.930 ms - 268
2020-11-12 15:14:37:1437 info: POST /auth/devicecontrol 200 2.334 ms - 34
2020-11-12 15:14:43:1443 info: POST /auth/devicecontrol 200 3.355 ms - 268
2020-11-12 15:15:13:1513 info: POST /auth/devicecontrol 200 20.958 ms - 305
2020-11-12 15:15:28:1528 info: POST /auth/login 200 43.447 ms - 252
2020-11-12 15:32:02:322 info: POST /auth/login 200 51.617 ms - 289
2020-11-12 15:32:39:3239 info: POST /auth/login 200 53.707 ms - 289
2020-11-12 15:32:52:3252 info: POST /auth/login 200 53.935 ms - 289
2020-11-12 15:33:15:3315 info: POST /auth/login 200 52.822 ms - 289
2020-11-12 15:33:54:3354 info: POST /auth/login 200 51.866 ms - 289
2020-11-12 15:35:21:3521 info: POST /auth/login 200 94.210 ms - 289
2020-11-12 15:35:46:3546 info: POST /auth/login 200 39.686 ms - 287
2020-11-12 15:36:11:3611 info: POST /auth/devicecontrol 200 3.786 ms - 305
2020-11-12 15:36:15:3615 info: POST /auth/devicecontrol 200 2.978 ms - 34
2020-11-12 15:36:26:3626 info: POST /auth/devicecontrol 200 2.091 ms - 305
2020-11-12 15:37:38:3738 info: POST /auth/devicecontrol 200 2.053 ms - 305
2020-11-12 15:38:20:3820 info: POST /auth/devicecontrol 200 1.569 ms - 34
2020-11-12 15:38:22:3822 info: POST /auth/devicecontrol 200 3.598 ms - 305
2020-11-12 15:44:06:446 info: POST /auth/devicecontrol 200 21.276 ms - 34
2020-11-12 15:45:41:4541 info: POST /auth/devicecontrol 200 23.397 ms - 33
2020-11-12 15:46:10:4610 info: POST /auth/devicecontrol 200 21.721 ms - 33
2020-11-12 15:46:13:4613 info: POST /auth/devicecontrol 200 2.306 ms - 34
2020-11-12 15:51:32:5132 info: POST /auth/devicecontrol 200 25.149 ms - 32
2020-11-12 15:51:54:5154 info: POST /auth/devicecontrol 200 25.903 ms - 32
2020-11-12 15:52:08:528 info: POST /auth/devicecontrol 200 26.516 ms - 32
2020-11-12 15:54:30:5430 info: POST /auth/devicecontrol 200 23.155 ms - 32
2020-11-12 15:55:15:5515 info: POST /auth/devicecontrol 200 23.096 ms - 32
2020-11-12 15:57:45:5745 info: POST /auth/devicecontrol 200 22.102 ms - 14
2020-11-12 15:57:48:5748 info: POST /auth/devicecontrol 200 2.041 ms - 15
2020-11-12 16:03:17:317 info: POST /auth/devicecontrol 200 24.327 ms - 15
2020-11-12 16:34:26:3426 info: POST /auth/register 200 28.062 ms - 15
2020-11-12 16:35:23:3523 info: POST /auth/register 200 26.908 ms - 15
2020-11-12 16:35:31:3531 info: POST /auth/register 200 24.427 ms - 15
2020-11-12 16:35:40:3540 info: POST /auth/register 200 26.275 ms - 15
2020-11-12 16:35:41:3541 info: POST /auth/register 200 2.054 ms - 15
2020-11-12 16:36:50:3650 info: POST /auth/register 200 34.651 ms - 15
2020-11-12 16:37:02:372 info: POST /auth/register 200 3.054 ms - 15
2020-11-12 16:37:12:3712 info: POST /auth/register 200 3.548 ms - 15
2020-11-12 16:38:50:3850 info: POST /auth/register 200 91.689 ms - 239
2020-11-12 16:41:32:4132 info: POST /auth/register 200 96.344 ms - 239
2020-11-12 16:41:59:4159 info: POST /auth/login 200 16.492 ms - 239
2020-11-12 16:43:33:4333 info: POST /auth/register 200 103.793 ms - 239
2020-11-12 16:43:36:4336 info: POST /auth/login 200 17.864 ms - 239
2020-11-12 16:43:43:4343 info: POST /auth/login 200 12.383 ms - 239
2020-11-12 16:43:50:4350 info: POST /auth/login 200 17.533 ms - 239
2020-11-12 16:45:14:4514 info: POST /auth/devicecontrol 200 22.434 ms - 15
2020-11-12 16:45:25:4525 info: POST /auth/devicecontrol 200 2.974 ms - 15
2020-11-12 16:46:30:4630 info: POST /auth/devicecontrol 200 53.414 ms - 153
2020-11-12 16:47:05:475 info: POST /auth/register 200 66.939 ms - 239
2020-11-12 16:47:09:479 info: POST /auth/devicecontrol 200 2.844 ms - 15
2020-11-12 16:47:12:4712 info: POST /auth/devicecontrol 200 11.522 ms - 153
2020-11-12 16:48:40:4840 info: POST /auth/devicecontrol 200 66.148 ms - 168
2020-11-12 16:49:20:4920 info: POST /auth/login 200 15.891 ms - 239
2020-11-12 16:49:54:4954 info: POST /auth/login 200 63.572 ms - 239
2020-11-12 16:50:12:5012 info: POST /auth/register 200 61.431 ms - 239
2020-11-12 16:50:16:5016 info: POST /auth/devicecontrol 200 4.525 ms - 30
2020-11-12 16:50:28:5028 info: POST /auth/devicecontrol 200 7.452 ms - 217
2020-11-12 16:51:39:5139 info: POST /auth/devicecontrol 200 57.833 ms - 217
2020-11-12 16:51:46:5146 info: POST /auth/devicecontrol 200 66.346 ms - 217
2020-11-12 16:52:23:5223 info: POST /auth/devicecontrol 200 67.852 ms - 217
2020-11-12 16:53:01:531 info: POST /auth/devicecontrol 200 56.201 ms - 168
2020-11-12 16:53:11:5311 info: POST /auth/devicecontrol 200 61.376 ms - 168
2020-11-12 17:30:12:3012 info: POST /auth/register 200 92.651 ms - 239
2020-11-12 17:30:56:3056 info: POST /auth/register 200 84.407 ms - 239
2020-11-12 17:31:15:3115 info: POST /auth/login 200 14.784 ms - 239
2020-11-12 17:31:23:3123 info: POST /auth/login 200 13.345 ms - 239
2020-11-12 17:31:32:3132 info: POST /auth/devicecontrol 200 3.815 ms - 30
2020-11-12 17:31:38:3138 info: POST /auth/devicecontrol 200 14.224 ms - 254
2020-11-12 17:33:22:3322 info: GET /api/onlineusercount 404 282.978 ms - 1829
2020-11-12 17:33:45:3345 info: GET /api/onlineusercount 200 1.508 ms - 72
2020-11-12 17:33:49:3349 info: GET /api/onlineusercount 404 18.711 ms - 1829
2020-11-12 17:33:55:3355 info: GET /api/onlineusercount 200 2.368 ms - 72
2020-11-12 17:34:01:341 info: GET /api/onlineusercount 404 15.515 ms - 1829
2020-11-12 17:34:20:3420 info: GET /api/onlineusercount 200 1.906 ms - 72
2020-11-12 17:36:47:3647 info: POST /auth/login 200 50.251 ms - 239
2020-11-12 17:36:56:3656 info: POST /auth/register 200 19.351 ms - 239
2020-11-12 17:37:09:379 info: POST /auth/login 200 16.966 ms - 239
2020-11-12 17:37:38:3738 info: POST /auth/devicecontrol 200 5.537 ms - 30
2020-11-12 17:37:40:3740 info: POST /auth/devicecontrol 200 6.366 ms - 254
2020-11-12 17:37:45:3745 info: POST /auth/devicecontrol 200 6.006 ms - 254
2020-11-12 17:47:01:471 info: GET /api/onlineusercount 200 14.341 ms - 72
2020-11-12 17:47:08:478 info: GET /api/onlineusercount 200 3.963 ms - 72
2020-11-12 17:47:16:4716 info: GET /api/onlineusercount 200 1.993 ms - 72
2020-11-12 17:47:23:4723 info: GET /api/onlineusercount 200 1.919 ms - 72
2020-11-12 17:47:46:4746 info: POST /auth/login 200 41.743 ms - 239
2020-11-12 17:48:01:481 info: GET /api/onlineusercount 200 2.152 ms - 72
2020-11-12 17:48:18:4818 info: GET /api/onlineusercount 404 257.667 ms - 1829
2020-11-12 17:49:12:4912 info: GET /api/users/onlineusercount 200 5.858 ms - 17
2020-11-12 17:50:54:5054 info: POST /api/information?uid=5fad472069a0e64164a948b6 404 22.175 ms - 1829
2020-11-12 17:51:30:5130 info: POST /api/information/?uid=5fad472069a0e64164a948b6 404 15.434 ms - 1829
2020-11-12 17:51:53:5153 info: POST /api/information/5fad472069a0e64164a948b6 404 20.201 ms - 1829
2020-11-12 17:52:19:5219 info: GET /api/users/onlineusercount 200 20.951 ms - 17
2020-11-12 17:52:46:5246 info: POST /api/information 404 258.065 ms - 1829
2020-11-12 17:53:08:538 info: GET /api/information 404 20.481 ms - 1829
2020-11-12 17:53:14:5314 info: GET /api/information 404 19.264 ms - 1829
2020-11-12 17:53:20:5320 info: GET /api/information 404 19.867 ms - 1829
2020-11-12 17:53:58:5358 info: GET /api/information 404 260.258 ms - 1829
2020-11-12 17:54:05:545 info: GET /api/information 404 20.044 ms - 1829
2020-11-12 17:54:45:5445 info: GET /api/ranking 404 259.511 ms - 1829
2020-11-12 17:54:59:5459 info: GET /api/onlineusercount 404 18.302 ms - 1829
2020-11-12 17:55:08:558 info: GET /api/users/onlineusercount 200 6.547 ms - 17
2020-11-12 17:55:17:5517 info: GET /api/users/information?uid=asd 404 18.094 ms - 2246
2020-11-12 17:55:25:5525 info: GET /api/users/information/?uid=asd 404 27.171 ms - 2246
2020-11-12 17:55:31:5531 info: GET /api/users/information/asd 500 16.546 ms - 2469
2020-11-12 17:55:39:5539 info: GET /api/users/information/5fad472069a0e64164a948b6 200 7.041 ms - 185
2020-11-12 17:57:01:571 info: undefined id'li kullanıcı bulunmamaktadır.
2020-11-12 17:57:01:571 info: GET /api/users/information?uid=5fad472069a0e64164a948b6 200 25.451 ms - 89
2020-11-12 17:57:25:5725 info: GET /api/users/information?uid=5fad472069a0e64164a948b6 500 256.864 ms - 2345
2020-11-12 17:57:34:5734 info: GET /api/users/information?uid=5fad472069a0e64164a948b6 200 24.398 ms - 185
2020-11-12 17:58:53:5853 info: GET /api/users/ranking 200 8.098 ms - 2
2020-11-12 18:08:58:858 error: User validation failed: race: Cast to Number failed for value "5fad1a6bbe5e260b28680416" at path "race"
2020-11-12 18:08:58:858 info: POST /auth/register 200 73.091 ms - 392
2020-11-12 18:09:06:96 info: POST /auth/register 200 64.343 ms - 239
2020-11-12 18:09:33:933 info: GET /api/users/onlineusercount 200 10.570 ms - 17
2020-11-12 18:09:37:937 info: GET /api/users/information?uid=5fad472069a0e64164a948b6 200 2.146 ms - 72
2020-11-12 18:09:46:946 info: undefined id'li kullanıcı bulunmamaktadır.
2020-11-12 18:09:46:946 info: GET /api/users/information?uid=5fad472069a0e64164a948b6 200 7.883 ms - 89
2020-11-12 18:09:54:954 info: GET /api/users/information?uid=5fad50121c2ad638bc3212bf 200 7.068 ms - 159
2020-11-12 18:10:11:1011 info: GET /api/users/ranking 200 2.241 ms - 72
2020-11-12 18:10:30:1030 info: GET /api/users/ranking 200 5.084 ms - 2
